#
# There is insufficient memory for the Java Runtime Environment to continue.
# Native memory allocation (mmap) failed to map 260046848 bytes for G1 virtual space
# Possible reasons:
#   The system is out of physical RAM or swap space
#   The process is running with CompressedOops enabled, and the Java Heap may be blocking the growth of the native heap
# Possible solutions:
#   Reduce memory load on the system
#   Increase physical memory or swap space
#   Check if swap backing store is full
#   Decrease Java heap size (-Xmx/-Xms)
#   Decrease number of Java threads
#   Decrease Java thread stack sizes (-Xss)
#   Set larger code cache with -XX:ReservedCodeCacheSize=
#   JVM is running with Zero Based Compressed Oops mode in which the Java heap is
#     placed in the first 32GB address space. The Java Heap base address is the
#     maximum limit for the native heap growth. Please use -XX:HeapBaseMinAddress
#     to set the Java Heap base and to place the Java Heap above 32GB virtual address.
# This output file may be truncated or incomplete.
#
#  Out of Memory Error (os_windows.cpp:3600), pid=21852, tid=18668
#
# JRE version:  (21.0.1+12) (build )
# Java VM: Java HotSpot(TM) 64-Bit Server VM (21.0.1+12-LTS-29, mixed mode, sharing, tiered, compressed oops, compressed class ptrs, g1 gc, windows-amd64)
# No core dump will be written. Minidumps are not enabled by default on client versions of Windows
#

---------------  S U M M A R Y ------------

Command Line: -Dfile.encoding=UTF-8 --module-path=D:\college\YachtInsight\build\classes com.YachtInsight.views.YachtInsight

Host: AMD Ryzen 7 5800H with Radeon Graphics         , 16 cores, 15G,  Windows 11 , 64 bit Build 22621 (10.0.22621.2506)
Time: Sat Dec 30 18:46:20 2023 Nepal Standard Time elapsed time: 0.010857 seconds (0d 0h 0m 0s)

---------------  T H R E A D  ---------------

Current thread (0x00000181ca663020):  JavaThread "Unknown thread" [_thread_in_vm, id=18668, stack(0x0000005f80a00000,0x0000005f80b00000) (1024K)]

Stack: [0x0000005f80a00000,0x0000005f80b00000]
Native frames: (J=compiled Java code, j=interpreted, Vv=VM code, C=native code)
V  [jvm.dll+0x6c9029]
V  [jvm.dll+0x854b81]
V  [jvm.dll+0x856e5e]
V  [jvm.dll+0x857543]
V  [jvm.dll+0x280c06]
V  [jvm.dll+0x6c5715]
V  [jvm.dll+0x6ba10a]
V  [jvm.dll+0x3557ea]
V  [jvm.dll+0x35d436]
V  [jvm.dll+0x3ae1be]
V  [jvm.dll+0x3ae468]
V  [jvm.dll+0x3291fc]
V  [jvm.dll+0x329d8b]
V  [jvm.dll+0x81d179]
V  [jvm.dll+0x3bb4f1]
V  [jvm.dll+0x805ae8]
V  [jvm.dll+0x44effe]
V  [jvm.dll+0x450901]
C  [jli.dll+0x52a3]
C  [ucrtbase.dll+0x29363]
C  [KERNEL32.DLL+0x1257d]
C  [ntdll.dll+0x5aa58]


---------------  P R O C E S S  ---------------

Threads class SMR info:
_java_thread_list=0x00007ffc39769b88, length=0, elements={
}

Java Threads: ( => current thread )
Total: 0

Other Threads:
  0x00000181ca6c3b50 WorkerThread "GC Thread#0"                     [id=13832, stack(0x0000005f80b00000,0x0000005f80c00000) (1024K)]
  0x00000181ca6d4360 ConcurrentGCThread "G1 Main Marker"            [id=22548, stack(0x0000005f80c00000,0x0000005f80d00000) (1024K)]
  0x00000181ca6d4e60 WorkerThread "G1 Conc#0"                       [id=10988, stack(0x0000005f80d00000,0x0000005f80e00000) (1024K)]

[error occurred during error reporting (printing all threads), id 0xc0000005, EXCEPTION_ACCESS_VIOLATION (0xc0000005) at pc=0x00007ffc38edc2c7]
VM state: not at safepoint (not fully initialized)

VM Mutex/Monitor currently owned by a thread:  ([mutex/lock_event])
[0x00007ffc397da6f8] Heap_lock - owner thread: 0x00000181ca663020

Heap address: 0x0000000709800000, size: 3944 MB, Compressed Oops mode: Zero based, Oop shift amount: 3

CDS archive(s) mapped at: [0x0000000000000000-0x0000000000000000-0x0000000000000000), size 0, SharedBaseAddress: 0x0000000800000000, ArchiveRelocationMode: 1.
Narrow klass base: 0x0000000000000000, Narrow klass shift: 0, Narrow klass range: 0x0

GC Precious Log:
 CardTable entry size: 512
 Card Set container configuration: InlinePtr #cards 4 size 8 Array Of Cards #cards 16 size 48 Howl #buckets 8 coarsen threshold 3686 Howl Bitmap #cards 512 size 80 coarsen threshold 460 Card regions per heap region 1 cards per card region 4096

Heap:
 garbage-first heap   total 0K, used 0K [0x0000000709800000, 0x0000000800000000)
  region size 2048K, 0 young (0K), 0 survivors (0K)

[error occurred during error reporting (printing heap information), id 0xc0000005, EXCEPTION_ACCESS_VIOLATION (0xc0000005) at pc=0x00007ffc392c1be9]
GC Heap History (0 events):
No events

Dll operation events (1 events):
Event: 0.006 Loaded shared library C:\Program Files\Java\jdk-21\bin\java.dll

Deoptimization events (0 events):
No events

Classes loaded (0 events):
No events

Classes unloaded (0 events):
No events

Classes redefined (0 events):
No events

Internal exceptions (0 events):
No events

ZGC Phase Switch (0 events):
No events

VM Operations (0 events):
No events

Events (0 events):
No events


Dynamic libraries:
0x00007ff795ad0000 - 0x00007ff795ae0000 	C:\Program Files\Java\jdk-21\bin\java.exe
0x00007ffc8c150000 - 0x00007ffc8c367000 	C:\WINDOWS\SYSTEM32\ntdll.dll
0x00007ffc8b5c0000 - 0x00007ffc8b684000 	C:\WINDOWS\System32\KERNEL32.DLL
0x00007ffc89af0000 - 0x00007ffc89e96000 	C:\WINDOWS\System32\KERNELBASE.dll
0x00007ffc894c0000 - 0x00007ffc895d1000 	C:\WINDOWS\System32\ucrtbase.dll
0x00007ffc81a20000 - 0x00007ffc81a3b000 	C:\Program Files\Java\jdk-21\bin\VCRUNTIME140.dll
0x00007ffc791e0000 - 0x00007ffc791f9000 	C:\Program Files\Java\jdk-21\bin\jli.dll
0x00007ffc8a400000 - 0x00007ffc8a4b1000 	C:\WINDOWS\System32\ADVAPI32.dll
0x00007ffc8b090000 - 0x00007ffc8b137000 	C:\WINDOWS\System32\msvcrt.dll
0x00007ffc8b690000 - 0x00007ffc8b735000 	C:\WINDOWS\System32\sechost.dll
0x00007ffc8a240000 - 0x00007ffc8a357000 	C:\WINDOWS\System32\RPCRT4.dll
0x00007ffc8a4c0000 - 0x00007ffc8a66e000 	C:\WINDOWS\System32\USER32.dll
0x00007ffc895e0000 - 0x00007ffc89606000 	C:\WINDOWS\System32\win32u.dll
0x00007ffc787b0000 - 0x00007ffc78a43000 	C:\WINDOWS\WinSxS\amd64_microsoft.windows.common-controls_6595b64144ccf1df_6.0.22621.2506_none_270c5ae97388e100\COMCTL32.dll
0x00007ffc8a360000 - 0x00007ffc8a389000 	C:\WINDOWS\System32\GDI32.dll
0x00007ffc899d0000 - 0x00007ffc89ae8000 	C:\WINDOWS\System32\gdi32full.dll
0x00007ffc89800000 - 0x00007ffc8989a000 	C:\WINDOWS\System32\msvcp_win.dll
0x00007ffc816e0000 - 0x00007ffc816ea000 	C:\WINDOWS\SYSTEM32\VERSION.dll
0x00007ffc8bdc0000 - 0x00007ffc8bdf1000 	C:\WINDOWS\System32\IMM32.DLL
0x00007ffc85a30000 - 0x00007ffc85a3c000 	C:\Program Files\Java\jdk-21\bin\vcruntime140_1.dll
0x00007ffc79c80000 - 0x00007ffc79d0e000 	C:\Program Files\Java\jdk-21\bin\msvcp140.dll
0x00007ffc38ba0000 - 0x00007ffc398b5000 	C:\Program Files\Java\jdk-21\bin\server\jvm.dll
0x00007ffc8bf30000 - 0x00007ffc8bfa1000 	C:\WINDOWS\System32\WS2_32.dll
0x00007ffc882d0000 - 0x00007ffc8831d000 	C:\WINDOWS\SYSTEM32\POWRPROF.dll
0x00007ffc816a0000 - 0x00007ffc816d4000 	C:\WINDOWS\SYSTEM32\WINMM.dll
0x00007ffc882b0000 - 0x00007ffc882c3000 	C:\WINDOWS\SYSTEM32\UMPDC.dll
0x00007ffc88580000 - 0x00007ffc88598000 	C:\WINDOWS\SYSTEM32\kernel.appcore.dll
0x00007ffc7c490000 - 0x00007ffc7c49a000 	C:\Program Files\Java\jdk-21\bin\jimage.dll
0x00007ffc86c30000 - 0x00007ffc86e63000 	C:\WINDOWS\SYSTEM32\DBGHELP.DLL
0x00007ffc89ea0000 - 0x00007ffc8a229000 	C:\WINDOWS\System32\combase.dll
0x00007ffc8be50000 - 0x00007ffc8bf27000 	C:\WINDOWS\System32\OLEAUT32.dll
0x00007ffc7e860000 - 0x00007ffc7e892000 	C:\WINDOWS\SYSTEM32\dbgcore.DLL
0x00007ffc89780000 - 0x00007ffc897fa000 	C:\WINDOWS\System32\bcryptPrimitives.dll
0x00007ffc81a00000 - 0x00007ffc81a1f000 	C:\Program Files\Java\jdk-21\bin\java.dll

dbghelp: loaded successfully - version: 4.0.5 - missing functions: none
symbol engine: initialized successfully - sym options: 0x614 - pdb path: .;C:\Program Files\Java\jdk-21\bin;C:\WINDOWS\SYSTEM32;C:\WINDOWS\WinSxS\amd64_microsoft.windows.common-controls_6595b64144ccf1df_6.0.22621.2506_none_270c5ae97388e100;C:\Program Files\Java\jdk-21\bin\server

VM Arguments:
jvm_args: -Dfile.encoding=UTF-8 --module-path=D:\college\YachtInsight\build\classes 
java_command: com.YachtInsight.views.YachtInsight
java_class_path (initial): C:\Program Files\NetBeans-19\netbeans\java\modules\ext\AbsoluteLayout.jar;D:\college\YachtInsight\build\classes
Launcher Type: SUN_STANDARD

[Global flags]
     intx CICompilerCount                          = 12                                        {product} {ergonomic}
     uint ConcGCThreads                            = 3                                         {product} {ergonomic}
     uint G1ConcRefinementThreads                  = 13                                        {product} {ergonomic}
   size_t G1HeapRegionSize                         = 2097152                                   {product} {ergonomic}
    uintx GCDrainStackTargetSize                   = 64                                        {product} {ergonomic}
   size_t InitialHeapSize                          = 260046848                                 {product} {ergonomic}
   size_t MarkStackSize                            = 4194304                                   {product} {ergonomic}
   size_t MaxHeapSize                              = 4135583744                                {product} {ergonomic}
   size_t MinHeapDeltaBytes                        = 2097152                                   {product} {ergonomic}
   size_t MinHeapSize                              = 8388608                                   {product} {ergonomic}
    uintx NonNMethodCodeHeapSize                   = 7602480                                {pd product} {ergonomic}
    uintx NonProfiledCodeHeapSize                  = 122027880                              {pd product} {ergonomic}
    uintx ProfiledCodeHeapSize                     = 122027880                              {pd product} {ergonomic}
    uintx ReservedCodeCacheSize                    = 251658240                              {pd product} {ergonomic}
     bool SegmentedCodeCache                       = true                                      {product} {ergonomic}
   size_t SoftMaxHeapSize                          = 4135583744                             {manageable} {ergonomic}
     bool UseCompressedOops                        = true                           {product lp64_product} {ergonomic}
     bool UseG1GC                                  = true                                      {product} {ergonomic}
     bool UseLargePagesIndividualAllocation        = false                                  {pd product} {ergonomic}

Logging:
Log output configuration:
 #0: stdout all=warning uptime,level,tags foldmultilines=false
 #1: stderr all=off uptime,level,tags foldmultilines=false

Environment Variables:
PATH=C:\oraclexe\app\oracle\product\11.2.0\server\bin;;C:\Program Files\Common Files\Oracle\Java\javapath;C:\Windows\system32;C:\Windows;C:\Windows\System32\Wbem;C:\Windows\System32\WindowsPowerShell\v1.0\;C:\Windows\System32\OpenSSH\;C:\Program Files (x86)\NVIDIA Corporation\PhysX\Common;C:\Program Files\NVIDIA Corporation\NVIDIA NvDLISR;C:\WINDOWS\system32;C:\WINDOWS;C:\WINDOWS\System32\Wbem;C:\WINDOWS\System32\WindowsPowerShell\v1.0\;C:\WINDOWS\System32\OpenSSH\;C:\Program Files\dotnet\;C:\Users\proge\AppData\Local\Microsoft\WindowsApps;
USERNAME=proge
OS=Windows_NT
PROCESSOR_IDENTIFIER=AMD64 Family 25 Model 80 Stepping 0, AuthenticAMD
TMP=C:\Users\proge\AppData\Local\Temp
TEMP=C:\Users\proge\AppData\Local\Temp




Periodic native trim disabled

---------------  S Y S T E M  ---------------

OS:
 Windows 11 , 64 bit Build 22621 (10.0.22621.2506)
OS uptime: 1 days 0:27 hours
Hyper-V role detected

CPU: total 16 (initial active 16) (16 cores per cpu, 2 threads per core) family 25 model 80 stepping 0 microcode 0x0, cx8, cmov, fxsr, ht, mmx, 3dnowpref, sse, sse2, sse3, ssse3, sse4a, sse4.1, sse4.2, popcnt, lzcnt, tsc, tscinvbit, avx, avx2, aes, erms, clmul, bmi1, bmi2, adx, sha, fma, vzeroupper, clflush, clflushopt, hv, rdtscp, rdpid, fsrm, f16c, cet_ss
Processor Information for all 16 processors :
  Max Mhz: 3201, Current Mhz: 3201, Mhz Limit: 3201

Memory: 4k page, system-wide physical 15774M (8355M free)
TotalPageFile size 64926M (AvailPageFile size 99M)
current process WorkingSet (physical memory assigned to process): 11M, peak: 11M
current process commit charge ("private bytes"): 70M, peak: 318M

vm_info: Java HotSpot(TM) 64-Bit Server VM (21.0.1+12-LTS-29) for windows-amd64 JRE (21.0.1+12-LTS-29), built on 2023-10-05T13:27:09Z by "mach5one" with MS VC++ 17.1 (VS2022)

END.
